Start testing: May 05 13:52 IST
----------------------------------------------------------
1/3 Testing: run_example
1/3 Test: run_example
Command: "/usr/bin/qemu-riscv64" "-L" "/home/kanishka/Downloads/riscv/sysroot" "/home/kanishka/Desktop/LinearRegression/cmake-build-debug/example"
Directory: /home/kanishka/Desktop/LinearRegression/cmake-build-debug
"run_example" start time: May 05 13:52 IST
Output:
----------------------------------------------------------
model error: 0.0129493
prediction: 13.9825
<end of output>
Test time =   0.07 sec
----------------------------------------------------------
Test Passed.
"run_example" end time: May 05 13:52 IST
"run_example" time elapsed: 00:00:00
----------------------------------------------------------

2/3 Testing: run_example2
2/3 Test: run_example2
Command: "/usr/bin/qemu-riscv64" "-L" "/home/kanishka/Downloads/riscv/sysroot" "/home/kanishka/Desktop/LinearRegression/cmake-build-debug/example2"
Directory: /home/kanishka/Desktop/LinearRegression/cmake-build-debug
"run_example2" start time: May 05 13:52 IST
Output:
----------------------------------------------------------
model error: nan
prediction: nan
<end of output>
Test time =   0.06 sec
----------------------------------------------------------
Test Passed.
"run_example2" end time: May 05 13:52 IST
"run_example2" time elapsed: 00:00:00
----------------------------------------------------------

3/3 Testing: run_example3
3/3 Test: run_example3
Command: "/usr/bin/qemu-riscv64" "-L" "/home/kanishka/Downloads/riscv/sysroot" "/home/kanishka/Desktop/LinearRegression/cmake-build-debug/example3"
Directory: /home/kanishka/Desktop/LinearRegression/cmake-build-debug
"run_example3" start time: May 05 13:52 IST
Output:
----------------------------------------------------------
model error: nan
prediction: nan
<end of output>
Test time =   0.08 sec
----------------------------------------------------------
Test Passed.
"run_example3" end time: May 05 13:52 IST
"run_example3" time elapsed: 00:00:00
----------------------------------------------------------

End testing: May 05 13:52 IST
